<?xml version="1.0" encoding="UTF-8"?>
<!-- Generated by org.testng.reporters.JUnitReportReporter -->
<testsuite hostname="GBLNB-PG03434V" failures="0" tests="4" name="api.test.UserTests2" time="7.427" errors="0" timestamp="2023-12-15T13:01:36 IST" skipped="0">
  <testcase classname="api.test.UserTests2" name="testPostUser" time="2.631"/>
  <testcase classname="api.test.UserTests2" name="testGetUserByName" time="1.236"/>
  <testcase classname="api.test.UserTests2" name="testupdateUserByName" time="2.351"/>
  <testcase classname="api.test.UserTests2" name="testDeleteuserByName" time="1.209"/>
</testsuite> <!-- api.test.UserTests2 -->
