<?xml version="1.0" encoding="UTF-8"?>
<!-- Generated by org.testng.reporters.JUnitReportReporter -->
<testsuite hostname="GBLNB-PG03434V" failures="0" tests="8" name="api.test.DDTests" time="10.393" errors="0" timestamp="2023-12-14T18:43:21 IST" skipped="0">
  <testcase classname="api.test.DDTests" name="testPostUser" time="1.295"/>
  <testcase classname="api.test.DDTests" name="testPostUser" time="1.273"/>
  <testcase classname="api.test.DDTests" name="testPostUser" time="1.332"/>
  <testcase classname="api.test.DDTests" name="testPostUser" time="1.310"/>
  <testcase classname="api.test.DDTests" name="testDeleteUserByName" time="1.276"/>
  <testcase classname="api.test.DDTests" name="testDeleteUserByName" time="1.270"/>
  <testcase classname="api.test.DDTests" name="testDeleteUserByName" time="1.321"/>
  <testcase classname="api.test.DDTests" name="testDeleteUserByName" time="1.316"/>
</testsuite> <!-- api.test.DDTests -->
