<?xml version="1.0" encoding="UTF-8"?>
<!-- Generated by org.testng.reporters.JUnitReportReporter -->
<testsuite hostname="GBLNB-PG03434V" failures="0" tests="4" name="api.test.UserTests" time="8.080" errors="0" timestamp="2023-12-15T11:49:20 IST" skipped="0">
  <testcase classname="api.test.UserTests" name="testPostUser" time="2.900"/>
  <testcase classname="api.test.UserTests" name="testGetUserByName" time="1.386"/>
  <testcase classname="api.test.UserTests" name="testupdateUserByName" time="2.600"/>
  <testcase classname="api.test.UserTests" name="testDeleteuserByName" time="1.194"/>
</testsuite> <!-- api.test.UserTests -->
