<?xml version="1.0" encoding="UTF-8"?>
<!-- Generated by org.testng.reporters.JUnitReportReporter -->
<testsuite hostname="GBLNB-PG03434V" failures="0" tests="8" name="api.test.DDTests" time="12.888" errors="0" timestamp="2023-12-15T13:35:01 IST" skipped="0">
  <testcase classname="api.test.DDTests" name="testPostUser" time="1.328"/>
  <testcase classname="api.test.DDTests" name="testPostUser" time="1.311"/>
  <testcase classname="api.test.DDTests" name="testPostUser" time="1.331"/>
  <testcase classname="api.test.DDTests" name="testPostUser" time="3.597"/>
  <testcase classname="api.test.DDTests" name="testDeleteUserByName" time="1.397"/>
  <testcase classname="api.test.DDTests" name="testDeleteUserByName" time="1.314"/>
  <testcase classname="api.test.DDTests" name="testDeleteUserByName" time="1.342"/>
  <testcase classname="api.test.DDTests" name="testDeleteUserByName" time="1.268"/>
</testsuite> <!-- api.test.DDTests -->
