<?xml version="1.0" encoding="UTF-8"?>
<!-- Generated by org.testng.reporters.JUnitReportReporter -->
<testsuite hostname="GBLNB-PG03434V" failures="0" tests="4" name="api.test.UserTests" time="6.677" errors="0" timestamp="2023-12-15T13:35:01 IST" skipped="0">
  <testcase classname="api.test.UserTests" name="testPostUser" time="1.383"/>
  <testcase classname="api.test.UserTests" name="testGetUserByName" time="1.326"/>
  <testcase classname="api.test.UserTests" name="testupdateUserByName" time="2.658"/>
  <testcase classname="api.test.UserTests" name="testDeleteuserByName" time="1.310"/>
</testsuite> <!-- api.test.UserTests -->
